<?xml version="1.0" encoding="UTF-8"?>
<!-- Generated by org.testng.reporters.JUnitXMLReporter -->
<testsuite ignored="0" hostname="Sinazo1" failures="1" tests="6" name="Login Tests" time="74.567" errors="0" timestamp="2025-06-11T13:31:53 SAST">
  <testcase classname="com.owethupeyane.tests.InventoryTests" name="testAddToCart" time="0.628"/>
  <testcase classname="com.owethupeyane.tests.InventoryTests" name="verifyProductCount" time="0.46"/>
  <testcase classname="com.owethupeyane.tests.InventoryTests" name="verifyProductCount" time="0.449"/>
  <testcase classname="com.owethupeyane.tests.InventoryTests" name="verifyProductCount" time="5.614"/>
  <testcase classname="com.owethupeyane.tests.LoginTests" name="lockedOutUser" time="0.48"/>
  <testcase classname="com.owethupeyane.tests.LoginTests" name="successfulLogin" time="0.461">
    <failure type="java.lang.AssertionError" message="expected [true] but found [false]">
      <![CDATA[java.lang.AssertionError: expected [true] but found [false]
at com.owethupeyane.tests.LoginTests.successfulLogin(LoginTests.java:14)
at java.base/java.util.ArrayList.forEach(ArrayList.java:1604)
... Removed 33 stack frames]]>
    </failure>
  </testcase> <!-- successfulLogin -->
</testsuite> <!-- Login Tests -->
